2025-10-22 12:38:00 | WARN | repo=richrates | action=commit
2025-02-25 13:30:00 | DEBUG | repo=richrates | action=pull
2025-08-04 19:11:00 | INFO | repo=richrates | action=edit | files=4
2025-12-06 14:49:00 | WARN | repo=richrates | action=commit
2025-04-07 16:56:00 | DEBUG | repo=richrates | action=commit
2025-02-21 21:37:00 | INFO | repo=richrates | action=pull
2025-08-23 13:48:00 | WARN | repo=richrates | action=commit
2025-08-13 15:56:00 | WARN | repo=richrates | action=commit
2025-06-05 09:25:00 | WARN | repo=richrates | action=commit
2025-06-17 14:09:00 | WARN | repo=richrates | action=commit
2025-11-06 17:23:00 | DEBUG | repo=richrates | action=edit | files=3
2025-03-01 20:08:00 | INFO | repo=richrates | action=commit
2025-11-12 13:27:00 | WARN | repo=richrates | action=commit
2025-02-18 18:03:00 | DEBUG | repo=richrates | action=pull
2025-02-27 20:25:00 | WARN | repo=richrates | action=edit | files=2
2025-06-01 07:50:00 | DEBUG | repo=richrates | action=commit
2025-09-28 17:14:00 | DEBUG | repo=richrates | action=commit
2025-01-17 11:07:00 | WARN | repo=richrates | action=commit
2025-11-07 14:30:00 | DEBUG | repo=richrates | action=commit
2025-05-01 09:48:00 | WARN | repo=richrates | action=commit
2025-09-20 18:24:00 | INFO | repo=richrates | action=commit
2025-08-22 15:41:00 | INFO | repo=richrates | action=commit
2025-01-05 08:19:00 | DEBUG | repo=richrates | action=commit
2025-04-16 18:48:00 | WARN | repo=richrates | action=test | passed=true
2025-12-13 19:02:00 | WARN | repo=richrates | action=pull
2025-06-10 13:12:00 | WARN | repo=richrates | action=pull
2025-05-16 07:33:00 | INFO | repo=richrates | action=commit
2025-08-12 15:44:00 | INFO | repo=richrates | action=test | passed=true
2025-12-18 07:51:00 | DEBUG | repo=richrates | action=edit | files=2
2025-12-09 11:08:00 | DEBUG | repo=richrates | action=test | passed=true
2025-06-06 16:36:00 | INFO | repo=richrates | action=commit
2025-09-02 21:51:00 | DEBUG | repo=richrates | action=commit
2025-05-22 17:35:00 | INFO | repo=richrates | action=commit
2025-07-13 16:04:00 | DEBUG | repo=richrates | action=commit
2025-04-02 18:37:00 | INFO | repo=richrates | action=commit
